mode: atomic
file_transfer/server/internal/config/config.go:25.79,27.16 2 2
file_transfer/server/internal/config/config.go:27.16,29.3 1 1
file_transfer/server/internal/config/config.go:31.2,33.16 3 1
file_transfer/server/internal/config/config.go:33.16,35.3 1 0
file_transfer/server/internal/config/config.go:37.2,37.36 1 1
file_transfer/server/internal/config/config.go:40.80,42.16 2 1
file_transfer/server/internal/config/config.go:42.16,44.3 1 0
file_transfer/server/internal/config/config.go:46.2,49.16 3 1
file_transfer/server/internal/config/config.go:49.16,51.3 1 0
file_transfer/server/internal/config/config.go:53.2,54.16 2 1
file_transfer/server/internal/config/config.go:54.16,56.3 1 0
file_transfer/server/internal/config/config.go:58.2,61.8 1 1
file_transfer/server/internal/config/grpc_server.go:14.90,21.2 1 1
file_transfer/server/internal/config/http_gateway.go:17.119,26.2 1 1
file_transfer/server/internal/repository/file_system/file_system.go:16.70,20.16 3 3
file_transfer/server/internal/repository/file_system/file_system.go:20.16,22.3 1 0
file_transfer/server/internal/repository/file_system/file_system.go:24.2,24.47 1 3
file_transfer/server/internal/repository/file_system/file_system.go:24.47,26.17 2 2
file_transfer/server/internal/repository/file_system/file_system.go:26.17,28.4 1 0
file_transfer/server/internal/repository/file_system/file_system.go:31.2,33.8 1 3
file_transfer/server/internal/repository/file_system/file_system.go:36.77,39.91 2 1
file_transfer/server/internal/repository/file_system/file_system.go:39.91,40.17 1 4
file_transfer/server/internal/repository/file_system/file_system.go:40.17,42.4 1 0
file_transfer/server/internal/repository/file_system/file_system.go:44.3,44.20 1 4
file_transfer/server/internal/repository/file_system/file_system.go:44.20,46.4 1 3
file_transfer/server/internal/repository/file_system/file_system.go:48.3,48.13 1 4
file_transfer/server/internal/repository/file_system/file_system.go:51.2,51.23 1 1
file_transfer/server/internal/repository/file_system/file_system.go:54.81,57.16 3 0
file_transfer/server/internal/repository/file_system/file_system.go:57.16,59.3 1 0
file_transfer/server/internal/repository/file_system/file_system.go:61.2,61.18 1 0
file_transfer/server/internal/repository/file_system/file_system.go:64.97,67.16 3 1
file_transfer/server/internal/repository/file_system/file_system.go:67.16,69.3 1 0
file_transfer/server/internal/repository/file_system/file_system.go:71.2,79.8 1 1
file_transfer/server/internal/repository/file_system/stat.go:8.40,18.9 2 7
file_transfer/server/internal/repository/file_system/stat.go:19.17,20.35 1 2
file_transfer/server/internal/repository/file_system/stat.go:21.17,22.59 1 1
file_transfer/server/internal/repository/file_system/stat.go:23.17,24.59 1 1
file_transfer/server/internal/repository/file_system/stat.go:25.17,26.59 1 1
file_transfer/server/internal/repository/file_system/stat.go:27.17,28.59 1 1
file_transfer/server/internal/repository/file_system/stat.go:29.10,30.59 1 1
file_transfer/server/internal/repository/file_system/stat.go:34.47,37.22 2 1
file_transfer/server/internal/repository/file_system/stat.go:37.22,39.3 1 1
file_transfer/server/internal/repository/file_system/stat.go:39.8,39.25 1 0
file_transfer/server/internal/repository/file_system/stat.go:39.25,41.3 1 0
file_transfer/server/internal/repository/file_system/stat.go:41.8,41.37 1 0
file_transfer/server/internal/repository/file_system/stat.go:41.37,43.3 1 0
file_transfer/server/internal/repository/file_system/stat.go:43.8,43.39 1 0
file_transfer/server/internal/repository/file_system/stat.go:43.39,45.3 1 0
file_transfer/server/internal/repository/file_system/stat.go:45.8,45.36 1 0
file_transfer/server/internal/repository/file_system/stat.go:45.36,47.3 1 0
file_transfer/server/internal/repository/file_system/stat.go:47.8,47.36 1 0
file_transfer/server/internal/repository/file_system/stat.go:47.36,48.34 1 0
file_transfer/server/internal/repository/file_system/stat.go:48.34,50.4 1 0
file_transfer/server/internal/repository/file_system/stat.go:50.9,52.4 1 0
file_transfer/server/internal/repository/file_system/stat.go:55.2,55.18 1 0
file_transfer/server/internal/repository/file_system/stat.go:59.47,60.22 1 3
file_transfer/server/internal/repository/file_system/stat.go:60.22,62.17 2 0
file_transfer/server/internal/repository/file_system/stat.go:62.17,64.4 1 0
file_transfer/server/internal/repository/file_system/stat.go:65.3,65.28 1 0
file_transfer/server/internal/repository/file_system/stat.go:67.2,67.18 1 3
file_transfer/server/internal/service/service.go:25.65,29.2 1 4
file_transfer/server/internal/service/service.go:31.91,33.2 1 1
file_transfer/server/internal/service/service.go:35.107,37.2 1 1
file_transfer/server/internal/service/service.go:39.87,41.16 2 2
file_transfer/server/internal/service/service.go:41.16,43.3 1 0
file_transfer/server/internal/service/service.go:45.2,45.21 1 2
file_transfer/server/internal/service/service.go:45.21,47.3 1 1
file_transfer/server/internal/service/service.go:49.2,49.19 1 1
file_transfer/server/internal/ports/grpc/handlers.go:13.100,16.19 2 1
file_transfer/server/internal/ports/grpc/handlers.go:16.19,18.3 1 0
file_transfer/server/internal/ports/grpc/handlers.go:20.2,21.16 2 1
file_transfer/server/internal/ports/grpc/handlers.go:21.16,23.3 1 1
file_transfer/server/internal/ports/grpc/handlers.go:25.2,25.6 1 0
file_transfer/server/internal/ports/grpc/handlers.go:25.6,28.20 3 0
file_transfer/server/internal/ports/grpc/handlers.go:28.20,29.9 1 0
file_transfer/server/internal/ports/grpc/handlers.go:32.3,32.17 1 0
file_transfer/server/internal/ports/grpc/handlers.go:32.17,34.4 1 0
file_transfer/server/internal/ports/grpc/handlers.go:36.3,39.17 2 0
file_transfer/server/internal/ports/grpc/handlers.go:39.17,41.4 1 0
file_transfer/server/internal/ports/grpc/handlers.go:44.2,44.12 1 0
file_transfer/server/internal/ports/grpc/handlers.go:47.111,48.19 1 2
file_transfer/server/internal/ports/grpc/handlers.go:48.19,50.3 1 0
file_transfer/server/internal/ports/grpc/handlers.go:52.2,53.16 2 2
file_transfer/server/internal/ports/grpc/handlers.go:53.16,55.3 1 1
file_transfer/server/internal/ports/grpc/handlers.go:57.2,65.8 1 1
file_transfer/server/internal/ports/grpc/handlers.go:68.110,70.16 2 2
file_transfer/server/internal/ports/grpc/handlers.go:70.16,71.49 1 1
file_transfer/server/internal/ports/grpc/handlers.go:71.49,73.4 1 1
file_transfer/server/internal/ports/grpc/handlers.go:75.3,75.78 1 0
file_transfer/server/internal/ports/grpc/handlers.go:78.2,80.8 1 1
file_transfer/server/internal/ports/grpc/interceptor.go:17.24,25.2 4 0
file_transfer/server/internal/ports/grpc/interceptor.go:33.9,41.2 4 0
file_transfer/server/internal/ports/grpc/server.go:34.53,36.16 2 3
file_transfer/server/internal/ports/grpc/server.go:36.16,38.3 1 0
file_transfer/server/internal/ports/grpc/server.go:40.2,41.19 2 3
file_transfer/server/internal/ports/grpc/server.go:41.19,43.3 1 0
file_transfer/server/internal/ports/grpc/server.go:45.2,46.16 2 3
file_transfer/server/internal/ports/grpc/server.go:46.16,48.3 1 0
file_transfer/server/internal/ports/grpc/server.go:50.2,64.20 4 3
file_transfer/server/internal/ports/grpc/server.go:67.30,72.55 4 0
file_transfer/server/internal/ports/grpc/server.go:72.55,74.3 1 0
file_transfer/server/internal/ports/grpc/server.go:76.2,76.12 1 0
file_transfer/server/internal/ports/grpc/server.go:79.33,81.2 1 0
